# JRE version: Java(TM) SE Runtime Environment (18.0.2.1+1) (build 18.0.2.1+1-1)
# Java VM: Java HotSpot(TM) 64-Bit Server VM (18.0.2.1+1-1, mixed mode, sharing, tiered, compressed oops, compressed class ptrs, g1 gc, windows-amd64)
GC Precious Log:
 CardTable entry size: 512
 Card Set container configuration: InlinePtr #cards 5 size 8 Array Of Cards #cards 12 size 40 Howl #buckets 4 coarsen threshold 1843 Howl Bitmap #cards 512 size 80 coarsen threshold 460 Card regions per heap region 1 cards per card region 2048
 CPUs: 8 total, 8 available
 Memory: 6091M
 Large Page Support: Disabled
 NUMA Support: Disabled
 Compressed Oops: Enabled (32-bit)
 Heap Region Size: 1M
 Heap Min Capacity: 8M
 Heap Initial Capacity: 96M
 Heap Max Capacity: 1524M
 Pre-touch: Disabled
 Parallel Workers: 8
 Concurrent Workers: 2
 Concurrent Refinement Workers: 8
 Periodic GC: Disabled
Heap:
 garbage-first heap   total 107520K, used 51549K [0x00000000a0c00000, 0x0000000100000000)
  region size 1024K, 7 young (7168K), 4 survivors (4096K)
 Metaspace       used 54133K, committed 54976K, reserved 1114112K
  class space    used 6559K, committed 6976K, reserved 1048576K
GC Heap History (20 events):
Event: 2.379 GC heap after
{Heap after GC invocations=3 (full 0):
 garbage-first heap   total 98304K, used 14591K [0x00000000a0c00000, 0x0000000100000000)
  region size 1024K, 6 young (6144K), 6 survivors (6144K)
 Metaspace       used 21230K, committed 21504K, reserved 1114112K
  class space    used 2736K, committed 2880K, reserved 1048576K
}
Event: 3.239 GC heap before
{Heap before GC invocations=4 (full 0):
 garbage-first heap   total 55296K, used 43263K [0x00000000a0c00000, 0x0000000100000000)
  region size 1024K, 32 young (32768K), 6 survivors (6144K)
 Metaspace       used 25294K, committed 25536K, reserved 1114112K
  class space    used 3396K, committed 3520K, reserved 1048576K
}
Event: 3.263 GC heap after
{Heap after GC invocations=5 (full 0):
 garbage-first heap   total 55296K, used 21199K [0x00000000a0c00000, 0x0000000100000000)
  region size 1024K, 4 young (4096K), 4 survivors (4096K)
 Metaspace       used 25294K, committed 25536K, reserved 1114112K
  class space    used 3396K, committed 3520K, reserved 1048576K
}
Event: 3.283 GC heap before
{Heap before GC invocations=5 (full 0):
 garbage-first heap   total 55296K, used 22223K [0x00000000a0c00000, 0x0000000100000000)
  region size 1024K, 5 young (5120K), 4 survivors (4096K)
 Metaspace       used 25487K, committed 25792K, reserved 1114112K
  class space    used 3420K, committed 3584K, reserved 1048576K
}
Event: 3.293 GC heap after
{Heap after GC invocations=6 (full 0):
 garbage-first heap   total 55296K, used 22361K [0x00000000a0c00000, 0x0000000100000000)
  region size 1024K, 1 young (1024K), 1 survivors (1024K)
 Metaspace       used 25487K, committed 25792K, reserved 1114112K
  class space    used 3420K, committed 3584K, reserved 1048576K
}
Event: 3.647 GC heap before
{Heap before GC invocations=6 (full 0):
 garbage-first heap   total 55296K, used 40793K [0x00000000a0c00000, 0x0000000100000000)
  region size 1024K, 20 young (20480K), 1 survivors (1024K)
 Metaspace       used 29131K, committed 29376K, reserved 1114112K
  class space    used 3793K, committed 3904K, reserved 1048576K
}
Event: 3.651 GC heap after
{Heap after GC invocations=7 (full 0):
 garbage-first heap   total 55296K, used 21841K [0x00000000a0c00000, 0x0000000100000000)
  region size 1024K, 3 young (3072K), 3 survivors (3072K)
 Metaspace       used 29131K, committed 29376K, reserved 1114112K
  class space    used 3793K, committed 3904K, reserved 1048576K
}
Event: 3.998 GC heap before
{Heap before GC invocations=7 (full 0):
 garbage-first heap   total 55296K, used 41297K [0x00000000a0c00000, 0x0000000100000000)
  region size 1024K, 22 young (22528K), 3 survivors (3072K)
 Metaspace       used 32403K, committed 32896K, reserved 1114112K
  class space    used 4119K, committed 4352K, reserved 1048576K
}
Event: 4.006 GC heap after
{Heap after GC invocations=8 (full 0):
 garbage-first heap   total 110592K, used 23791K [0x00000000a0c00000, 0x0000000100000000)
  region size 1024K, 2 young (2048K), 2 survivors (2048K)
 Metaspace       used 32403K, committed 32896K, reserved 1114112K
  class space    used 4119K, committed 4352K, reserved 1048576K
}
Event: 4.285 GC heap before
{Heap before GC invocations=8 (full 0):
 garbage-first heap   total 110592K, used 38127K [0x00000000a0c00000, 0x0000000100000000)
  region size 1024K, 17 young (17408K), 2 survivors (2048K)
 Metaspace       used 35407K, committed 36096K, reserved 1114112K
  class space    used 4502K, committed 4864K, reserved 1048576K
}
Event: 4.291 GC heap after
{Heap after GC invocations=9 (full 0):
 garbage-first heap   total 110592K, used 24925K [0x00000000a0c00000, 0x0000000100000000)
  region size 1024K, 3 young (3072K), 3 survivors (3072K)
 Metaspace       used 35407K, committed 36096K, reserved 1114112K
  class space    used 4502K, committed 4864K, reserved 1048576K
}
Event: 5.352 GC heap before
{Heap before GC invocations=10 (full 0):
 garbage-first heap   total 89088K, used 78173K [0x00000000a0c00000, 0x0000000100000000)
  region size 1024K, 52 young (53248K), 3 survivors (3072K)
 Metaspace       used 44885K, committed 45568K, reserved 1114112K
  class space    used 5677K, committed 6016K, reserved 1048576K
}
Event: 5.365 GC heap after
{Heap after GC invocations=11 (full 0):
 garbage-first heap   total 89088K, used 31069K [0x00000000a0c00000, 0x0000000100000000)
  region size 1024K, 7 young (7168K), 7 survivors (7168K)
 Metaspace       used 44885K, committed 45568K, reserved 1114112K
  class space    used 5677K, committed 6016K, reserved 1048576K
}
Event: 5.954 GC heap before
{Heap before GC invocations=11 (full 0):
 garbage-first heap   total 89088K, used 67933K [0x00000000a0c00000, 0x0000000100000000)
  region size 1024K, 43 young (44032K), 7 survivors (7168K)
 Metaspace       used 47592K, committed 48384K, reserved 1114112K
  class space    used 5973K, committed 6400K, reserved 1048576K
}
Event: 5.971 GC heap after
{Heap after GC invocations=12 (full 0):
 garbage-first heap   total 89088K, used 35158K [0x00000000a0c00000, 0x0000000100000000)
  region size 1024K, 5 young (5120K), 5 survivors (5120K)
 Metaspace       used 47592K, committed 48384K, reserved 1114112K
  class space    used 5973K, committed 6400K, reserved 1048576K
}
Event: 6.925 GC heap before
{Heap before GC invocations=12 (full 0):
 garbage-first heap   total 89088K, used 67926K [0x00000000a0c00000, 0x0000000100000000)
  region size 1024K, 37 young (37888K), 5 survivors (5120K)
 Metaspace       used 51138K, committed 51904K, reserved 1114112K
  class space    used 6295K, committed 6720K, reserved 1048576K
}
Event: 6.942 GC heap after
{Heap after GC invocations=13 (full 0):
 garbage-first heap   total 89088K, used 40732K [0x00000000a0c00000, 0x0000000100000000)
  region size 1024K, 5 young (5120K), 5 survivors (5120K)
 Metaspace       used 51138K, committed 51904K, reserved 1114112K
  class space    used 6295K, committed 6720K, reserved 1048576K
}
Event: 7.446 GC heap before
{Heap before GC invocations=13 (full 0):
 garbage-first heap   total 89088K, used 67356K [0x00000000a0c00000, 0x0000000100000000)
  region size 1024K, 31 young (31744K), 5 survivors (5120K)
 Metaspace       used 51676K, committed 52416K, reserved 1114112K
  class space    used 6323K, committed 6720K, reserved 1048576K
}
Event: 7.465 GC heap after
{Heap after GC invocations=14 (full 0):
 garbage-first heap   total 107520K, used 45405K [0x00000000a0c00000, 0x0000000100000000)
  region size 1024K, 4 young (4096K), 4 survivors (4096K)
 Metaspace       used 51676K, committed 52416K, reserved 1114112K
  class space    used 6323K, committed 6720K, reserved 1048576K
}
Event: 8.271 GC heap before
{Heap before GC invocations=14 (full 0):
 garbage-first heap   total 107520K, used 81245K [0x00000000a0c00000, 0x0000000100000000)
  region size 1024K, 39 young (39936K), 4 survivors (4096K)
 Metaspace       used 53875K, committed 54720K, reserved 1114112K
  class space    used 6532K, committed 6976K, reserved 1048576K
}

